2025-08-02 15:56:21,781 - INFO - 🚨 STARTING BOTTLENECK RESOLUTION PLAN
2025-08-02 15:56:21,782 - INFO - Timeline: 3 weeks to production readiness
2025-08-02 15:56:21,782 - INFO - Risk Level: MAXIMUM - Data Loss & System Failure Imminent
2025-08-02 15:56:21,782 - INFO - 🔍 Checking prerequisites...
2025-08-02 15:56:21,787 - INFO - ✅ Python 3.8+ available
2025-08-02 15:56:21,822 - INFO - ✅ Docker available
2025-08-02 15:56:21,823 - ERROR - ❌ Docker Compose not found
2025-08-02 15:56:21,883 - INFO - ✅ PostgreSQL client available
2025-08-02 15:56:21,883 - ERROR - Missing prerequisites: Docker Compose
2025-08-02 15:56:21,883 - ERROR - ❌ Prerequisites not met. Aborting.
2025-08-02 15:56:21,883 - ERROR - ❌ BOTTLENECK RESOLUTION INCOMPLETE - MANUAL INTERVENTION REQUIRED
2025-08-02 15:56:31,439 - INFO - 🚨 STARTING BOTTLENECK RESOLUTION PLAN
2025-08-02 15:56:31,440 - INFO - Timeline: 3 weeks to production readiness
2025-08-02 15:56:31,440 - INFO - Risk Level: MAXIMUM - Data Loss & System Failure Imminent
2025-08-02 15:56:31,440 - INFO - 🔍 Checking prerequisites...
2025-08-02 15:56:31,446 - INFO - ✅ Python 3.8+ available
2025-08-02 15:56:31,475 - INFO - ✅ Docker available
2025-08-02 15:56:31,477 - ERROR - ❌ Docker Compose not found
2025-08-02 15:56:31,547 - INFO - ✅ PostgreSQL client available
2025-08-02 15:56:31,547 - ERROR - Missing prerequisites: Docker Compose
2025-08-02 15:56:31,547 - ERROR - ❌ Prerequisites not met. Aborting.
2025-08-02 15:56:31,548 - ERROR - ❌ BOTTLENECK RESOLUTION INCOMPLETE - MANUAL INTERVENTION REQUIRED
2025-08-02 15:58:21,066 - INFO - 🚨 STARTING BOTTLENECK RESOLUTION PLAN
2025-08-02 15:58:21,066 - INFO - Timeline: 3 weeks to production readiness
2025-08-02 15:58:21,066 - INFO - Risk Level: MAXIMUM - Data Loss & System Failure Imminent
2025-08-02 15:58:21,067 - INFO - 🔍 Checking prerequisites...
2025-08-02 15:58:21,071 - INFO - ✅ Python 3.8+ available
2025-08-02 15:58:21,094 - INFO - ✅ Docker available
2025-08-02 15:58:21,095 - ERROR - ❌ Docker Compose not found
2025-08-02 15:58:21,146 - INFO - ✅ PostgreSQL client available
2025-08-02 15:58:21,146 - ERROR - Missing prerequisites: Docker Compose
2025-08-02 15:58:21,146 - ERROR - ❌ Prerequisites not met. Aborting.
2025-08-02 15:58:21,146 - ERROR - ❌ BOTTLENECK RESOLUTION INCOMPLETE - MANUAL INTERVENTION REQUIRED
2025-08-02 15:59:21,154 - INFO - 🚨 STARTING BOTTLENECK RESOLUTION PLAN
2025-08-02 15:59:21,154 - INFO - Timeline: 3 weeks to production readiness
2025-08-02 15:59:21,154 - INFO - Risk Level: MAXIMUM - Data Loss & System Failure Imminent
2025-08-02 15:59:21,154 - INFO - 🔍 Checking prerequisites...
2025-08-02 15:59:21,160 - INFO - ✅ Python 3.8+ available
2025-08-02 15:59:21,181 - INFO - ✅ Docker available
2025-08-02 15:59:21,305 - INFO - ✅ Docker Compose available
2025-08-02 15:59:21,383 - INFO - ✅ PostgreSQL client available
2025-08-02 15:59:21,383 - INFO - ✅ All prerequisites satisfied
2025-08-02 15:59:21,383 - INFO - 
============================================================
2025-08-02 15:59:21,383 - INFO - EXECUTING: Phase 1A: Emergency Data Persistence
2025-08-02 15:59:21,383 - INFO - ============================================================
2025-08-02 15:59:21,383 - INFO - 🚨 PHASE 1A: EMERGENCY DATA PERSISTENCE
2025-08-02 15:59:21,383 - INFO - 🚀 Starting: Create emergency backup of all processed conversations
